0 info it worked if it ends with ok
1 verbose cli [ 'D:\\app\\nodejs\\node.exe',
1 verbose cli   'D:\\app\\nodejs\\node_modules\\npm\\bin\\npm-cli.js',
1 verbose cli   'run',
1 verbose cli   'dev',
1 verbose cli   '--scripts-prepend-node-path=auto' ]
2 info using npm@3.10.10
3 info using node@v6.11.2
4 verbose run-script [ 'predev', 'dev', 'postdev' ]
5 info lifecycle weapp@0.0.2~predev: weapp@0.0.2
6 silly lifecycle weapp@0.0.2~predev: no script for predev, continuing
7 info lifecycle weapp@0.0.2~dev: weapp@0.0.2
8 verbose lifecycle weapp@0.0.2~dev: unsafe-perm in lifecycle true
9 verbose lifecycle weapp@0.0.2~dev: PATH: D:\app\nodejs\node_modules\npm\bin\node-gyp-bin;D:\x-projects\weapp\node_modules\.bin;C:\Program Files (x86)\Razer Chroma SDK\bin;C:\Program Files\Razer Chroma SDK\bin;C:\ProgramData\Oracle\Java\javapath;C:\Windows\system32;C:\Windows;C:\Windows\System32\Wbem;C:\Windows\System32\WindowsPowerShell\v1.0\;D:\environment\win\mysql\5.7.16\bin;D:\environment\win\mysql\8.0.0-dmr\bin;C:\Program Files\Microsoft SQL Server\120\Tools\Binn\;C:\Program Files\Microsoft SQL Server\130\Tools\Binn\;C:\Program Files\Microsoft\Web Platform Installer\;C:\Program Files (x86)\Microsoft SQL Server\110\DTS\Binn\;C:\Program Files (x86)\Microsoft SQL Server\120\DTS\Binn\;C:\Program Files (x86)\Microsoft SQL Server\130\DTS\Binn\;C:\Program Files\dotnet\;D:\application\Git\cmd;D:\env\php-7.1.8;C:\ProgramData\ComposerSetup\bin;C:\Program Files (x86)\GtkSharp\2.12\bin;D:\application\Ruby23-x64\bin;C:\Users\cooxer\AppData\Roaming\Composer\vendor\bin;D:\app\nodejs\;C:\WINDOWS\system32;C:\WINDOWS;C:\WINDOWS\System32\Wbem;C:\WINDOWS\System32\WindowsPowerShell\v1.0\;C:\Program Files\Common Files\Autodesk Shared\;C:\Program Files (x86)\Autodesk\Backburner\;C:\WINDOWS\System32\LibreSSL\;C:\WINDOWS\System32\OpenSSH\;C:\Program Files (x86)\NVIDIA Corporation\PhysX\Common;D:\application\Ruby23-x64\bin;C:\Users\cooxer\AppData\Roaming\Composer\vendor\bin;D:\env\php-7.1.8;C:\Users\cooxer\AppData\Roaming\npm;C:\Users\cooxer\AppData\Local\Microsoft\WindowsApps;C:\Users\cooxer\AppData\Local\Microsoft\WindowsApps;;C:\Users\cooxer\AppData\Local\now-cli;C:\Users\cooxer\AppData\Local\Programs\Fiddler
10 verbose lifecycle weapp@0.0.2~dev: CWD: D:\x-projects\weapp
11 silly lifecycle weapp@0.0.2~dev: Args: [ '/d /s /c', 'wepy build --watch' ]
12 silly lifecycle weapp@0.0.2~dev: Returned: code: 1  signal: null
13 info lifecycle weapp@0.0.2~dev: Failed to exec dev script
14 verbose stack Error: weapp@0.0.2 dev: `wepy build --watch`
14 verbose stack Exit status 1
14 verbose stack     at EventEmitter.<anonymous> (D:\app\nodejs\node_modules\npm\lib\utils\lifecycle.js:255:16)
14 verbose stack     at emitTwo (events.js:106:13)
14 verbose stack     at EventEmitter.emit (events.js:191:7)
14 verbose stack     at ChildProcess.<anonymous> (D:\app\nodejs\node_modules\npm\lib\utils\spawn.js:40:14)
14 verbose stack     at emitTwo (events.js:106:13)
14 verbose stack     at ChildProcess.emit (events.js:191:7)
14 verbose stack     at maybeClose (internal/child_process.js:891:16)
14 verbose stack     at Process.ChildProcess._handle.onexit (internal/child_process.js:226:5)
15 verbose pkgid weapp@0.0.2
16 verbose cwd D:\x-projects\weapp
17 error Windows_NT 10.0.17134
18 error argv "D:\\app\\nodejs\\node.exe" "D:\\app\\nodejs\\node_modules\\npm\\bin\\npm-cli.js" "run" "dev" "--scripts-prepend-node-path=auto"
19 error node v6.11.2
20 error npm  v3.10.10
21 error code ELIFECYCLE
22 error weapp@0.0.2 dev: `wepy build --watch`
22 error Exit status 1
23 error Failed at the weapp@0.0.2 dev script 'wepy build --watch'.
23 error Make sure you have the latest version of node.js and npm installed.
23 error If you do, this is most likely a problem with the weapp package,
23 error not with npm itself.
23 error Tell the author that this fails on your system:
23 error     wepy build --watch
23 error You can get information on how to open an issue for this project with:
23 error     npm bugs weapp
23 error Or if that isn't available, you can get their info via:
23 error     npm owner ls weapp
23 error There is likely additional logging output above.
24 verbose exit [ 1, true ]
